66
b'\x00\x00\x0ew'
fd2bc562a95c4924d27f9f81de052fbab650f0c2989ee9f4e826244e7c1f0e66
26a4fcaa2167342136272e1d2814b7c73ac995e1229fea8bffa536600cc57921

66
b'\x00\x00-\xb8'
3e9a15dd57decf17895577d486327d769a4a93b15ec23f34d3efc516d4e84557
c58b1c61abdab6f3fd58d2f7bd86561f069d6d671ffce45ade2db3ebfce51f85

66
b'\x00\x009\x13'
e98ce4ff5c019ca24bbdf43d8800a86c82e1f21f391c314c32b727932c7ea5ef
d543094e3b6d7e07d296bef5b45764d9727d820a76e8db467d8670ead25262f2

66
b'\x00\x00Q\xa8'
c3cc1ef25d05a7477b000d37d7cc58086b01304bc156322c8bdeb2412890566a
ac88e130db786bd2fa7f51b3cc3b3f553c29c65c06c442c6b792655388d77c4e

66
b'\x00\x00v~'
6cf222af498f1f4644ef7448cbbc108dcc45c149e18f8db18024ef17a4b4e20b
4fcf88f92658d3fa5fbdf8a47c05bdee5e6510bd0e0cf58b2d5a6d106f2b8045

66
b'\x00\x00\x81\xc3'
d9f357df4586e0a3e6d3cf49a866ceafc65f35b55cc20c4e08923541c34f6e87
605f049f74c8c3c7149450dda4f657cc29f8931adee3c3f7738da53d929e69d5

66
b'\x00\x00\x88\xb9'
da47d4d46b5a2745cfd268c8295f8d1b84b5ca64b5fdd653cfb4aaaa141a60f3
8d537c41551b085e5877c914906f2837aa3422550b38a8250b113eae744884ae

66
b'\x00\x00\x9b$'
23992ff06ef65d8b00ea7a5a868e5f8808d3d57bfb9531652dbd0ce2eb6ee448
37126eb894314f4eb35447feabb2565e74b301c96a783a6e0bf2f56d4741f0ea

66
b'\x00\x00\xab\xa5'
8f34a1041b21e27bbfefda894493d55eec8a0534ab5598a761a944151b2f2c97
5db002c88e58b5405eb237f5312dd80dd982c7743e86edc62bac89994565a704

66
b'\x00\x00\xc2\xe7'
7cdff35faa68357ac099e0a967a1074f5bf83a5829a4adf574a471d797976402
91c96a3f2bde9fa928696a4bcfeb1c2501aa3cc866cbbd6f2550bbbfa3af94d0

66
b'\x00\x00\xca\xa8'
a0a27eb132b0d0ec6da372e0b9d26f1d7fb8b60d7a15f33cc1ff06a46cc27294
52dab02b09f2562f0f74aa4244e2ca02d5c1525591760f6a25e3ca6d2ac767ff

66
b'\x00\x00\xd2.'
7dbc5bd443045e4d9f65c7fbe9df369554ea9b264199d048d8a89d58d0035edc
54eb3ad944a54a47f16aa5db2771f960729dd86f1ed6485e4d948c6d7689b71d

66
b'\x00\x00\xde\xb4'
a5ac4eefb279c0b79e5fcf5f43cc9e0578d62905fa071278aeb80ea139cf6c0e
d05330ff1f61fac1bd00ab6832dcf32dae1a73f57cbda4c7f20fbd61f470b80b

66
b'\x00\x00\xee\xcd'
4985fa678328167a4c23e42dc349ae3da902ee8d2e55714411c5d7742dec28e0
a6696df7156be8db4f495ba3cdbd7a8782f50ddd6023196501b5a21c0c614961

66
b'\x00\x01/\xc7'
dac174549decbe6540f4317c6e96239348fff5d56e27706a133d9e3d04960810
fe356bc47ffe6b73434e218a5f51a98a92af79ce97bc5962ac1a06e86ef267d2

66
b'\x00\x013\x92'
6ff5cd4dcc82bb8064b8aa133c8af1fe8880bbc28c6c9f579ca114fb9d59099e
a5b7fd029ccccd14105ef8d19dc82c506fdc11886484fba4c028812a5fb3f079

66
b'\x00\x01>v'
9641b86c656bd016fb3aed11bddd45158ae00fddfa2feb1cea95a72dd581b354
1b6ec97fe15d481490d92cef47aaa8e361d4e46affd6386eb95537c27df98956

66
b'\x00\x01O\r'
2c0faccfde56ec07682cba9bd43a7bc0a54d2406ffe0153d61c1b8936c98f916
1ea411126ded620bcefe5fba52f46c7fe0ffe3bde3e5c778082e1eb2d8834294

